23-Mar-2020 01:12:04.420 INFO [main] org.apache.catalina.startup.VersionLoggerListener.log Server version name:   Apache Tomcat/8.5.53
23-Mar-2020 01:12:04.427 INFO [main] org.apache.catalina.startup.VersionLoggerListener.log Server built:          Mar 11 2020 10:01:39 UTC
23-Mar-2020 01:12:04.428 INFO [main] org.apache.catalina.startup.VersionLoggerListener.log Server version number: 8.5.53.0
23-Mar-2020 01:12:04.428 INFO [main] org.apache.catalina.startup.VersionLoggerListener.log OS Name:               Windows 10
23-Mar-2020 01:12:04.429 INFO [main] org.apache.catalina.startup.VersionLoggerListener.log OS Version:            10.0
23-Mar-2020 01:12:04.429 INFO [main] org.apache.catalina.startup.VersionLoggerListener.log Architecture:          amd64
23-Mar-2020 01:12:04.430 INFO [main] org.apache.catalina.startup.VersionLoggerListener.log Java Home:             C:\Program Files\Java\jdk1.8.0_241\jre
23-Mar-2020 01:12:04.430 INFO [main] org.apache.catalina.startup.VersionLoggerListener.log JVM Version:           1.8.0_241-b07
23-Mar-2020 01:12:04.431 INFO [main] org.apache.catalina.startup.VersionLoggerListener.log JVM Vendor:            Oracle Corporation
23-Mar-2020 01:12:04.432 INFO [main] org.apache.catalina.startup.VersionLoggerListener.log CATALINA_BASE:         C:\apache-tomcat-8.5.53-windows-x64\apache-tomcat-8.5.53
23-Mar-2020 01:12:04.433 INFO [main] org.apache.catalina.startup.VersionLoggerListener.log CATALINA_HOME:         C:\apache-tomcat-8.5.53-windows-x64\apache-tomcat-8.5.53
23-Mar-2020 01:12:04.433 INFO [main] org.apache.catalina.startup.VersionLoggerListener.log Command line argument: -Djava.util.logging.config.file=C:\apache-tomcat-8.5.53-windows-x64\apache-tomcat-8.5.53\conf\logging.properties
23-Mar-2020 01:12:04.434 INFO [main] org.apache.catalina.startup.VersionLoggerListener.log Command line argument: -Djava.util.logging.manager=org.apache.juli.ClassLoaderLogManager
23-Mar-2020 01:12:04.435 INFO [main] org.apache.catalina.startup.VersionLoggerListener.log Command line argument: -Djdk.tls.ephemeralDHKeySize=2048
23-Mar-2020 01:12:04.436 INFO [main] org.apache.catalina.startup.VersionLoggerListener.log Command line argument: -Djava.protocol.handler.pkgs=org.apache.catalina.webresources
23-Mar-2020 01:12:04.436 INFO [main] org.apache.catalina.startup.VersionLoggerListener.log Command line argument: -Dignore.endorsed.dirs=
23-Mar-2020 01:12:04.437 INFO [main] org.apache.catalina.startup.VersionLoggerListener.log Command line argument: -Dcatalina.base=C:\apache-tomcat-8.5.53-windows-x64\apache-tomcat-8.5.53
23-Mar-2020 01:12:04.438 INFO [main] org.apache.catalina.startup.VersionLoggerListener.log Command line argument: -Dcatalina.home=C:\apache-tomcat-8.5.53-windows-x64\apache-tomcat-8.5.53
23-Mar-2020 01:12:04.439 INFO [main] org.apache.catalina.startup.VersionLoggerListener.log Command line argument: -Djava.io.tmpdir=C:\apache-tomcat-8.5.53-windows-x64\apache-tomcat-8.5.53\temp
23-Mar-2020 01:12:04.443 INFO [main] org.apache.catalina.core.AprLifecycleListener.lifecycleEvent Loaded APR based Apache Tomcat Native library [1.2.23] using APR version [1.7.0].
23-Mar-2020 01:12:04.451 INFO [main] org.apache.catalina.core.AprLifecycleListener.lifecycleEvent APR capabilities: IPv6 [true], sendfile [true], accept filters [false], random [true].
23-Mar-2020 01:12:04.452 INFO [main] org.apache.catalina.core.AprLifecycleListener.lifecycleEvent APR/OpenSSL configuration: useAprConnector [false], useOpenSSL [true]
23-Mar-2020 01:12:04.462 INFO [main] org.apache.catalina.core.AprLifecycleListener.initializeSSL OpenSSL successfully initialized [OpenSSL 1.1.1c  28 May 2019]
23-Mar-2020 01:12:04.721 INFO [main] org.apache.coyote.AbstractProtocol.init Initializing ProtocolHandler ["http-nio-8080"]
23-Mar-2020 01:12:04.976 INFO [main] org.apache.tomcat.util.net.NioSelectorPool.getSharedSelector Using a shared selector for servlet write/read
23-Mar-2020 01:12:04.988 INFO [main] org.apache.catalina.startup.Catalina.load Initialization processed in 1162 ms
23-Mar-2020 01:12:05.022 INFO [main] org.apache.catalina.core.StandardService.startInternal Starting service [Catalina]
23-Mar-2020 01:12:05.023 INFO [main] org.apache.catalina.core.StandardEngine.startInternal Starting Servlet Engine: Apache Tomcat/8.5.53
23-Mar-2020 01:12:05.037 INFO [localhost-startStop-1] org.apache.catalina.startup.HostConfig.deployDirectory Установка веб приложения в папку [C:\apache-tomcat-8.5.53-windows-x64\apache-tomcat-8.5.53\webapps\docs]
23-Mar-2020 01:12:05.399 INFO [localhost-startStop-1] org.apache.catalina.startup.HostConfig.deployDirectory Deployment of web application directory [C:\apache-tomcat-8.5.53-windows-x64\apache-tomcat-8.5.53\webapps\docs] has finished in [362] ms
23-Mar-2020 01:12:05.406 INFO [localhost-startStop-1] org.apache.catalina.startup.HostConfig.deployDirectory Установка веб приложения в папку [C:\apache-tomcat-8.5.53-windows-x64\apache-tomcat-8.5.53\webapps\examples]
23-Mar-2020 01:12:06.429 INFO [localhost-startStop-1] org.apache.catalina.startup.HostConfig.deployDirectory Deployment of web application directory [C:\apache-tomcat-8.5.53-windows-x64\apache-tomcat-8.5.53\webapps\examples] has finished in [1 023] ms
23-Mar-2020 01:12:06.429 INFO [localhost-startStop-1] org.apache.catalina.startup.HostConfig.deployDirectory Установка веб приложения в папку [C:\apache-tomcat-8.5.53-windows-x64\apache-tomcat-8.5.53\webapps\host-manager]
23-Mar-2020 01:12:06.466 INFO [localhost-startStop-1] org.apache.catalina.startup.HostConfig.deployDirectory Deployment of web application directory [C:\apache-tomcat-8.5.53-windows-x64\apache-tomcat-8.5.53\webapps\host-manager] has finished in [37] ms
23-Mar-2020 01:12:06.468 INFO [localhost-startStop-1] org.apache.catalina.startup.HostConfig.deployDirectory Установка веб приложения в папку [C:\apache-tomcat-8.5.53-windows-x64\apache-tomcat-8.5.53\webapps\manager]
23-Mar-2020 01:12:06.504 INFO [localhost-startStop-1] org.apache.catalina.startup.HostConfig.deployDirectory Deployment of web application directory [C:\apache-tomcat-8.5.53-windows-x64\apache-tomcat-8.5.53\webapps\manager] has finished in [36] ms
23-Mar-2020 01:12:06.506 INFO [localhost-startStop-1] org.apache.catalina.startup.HostConfig.deployDirectory Установка веб приложения в папку [C:\apache-tomcat-8.5.53-windows-x64\apache-tomcat-8.5.53\webapps\ROOT]
23-Mar-2020 01:12:06.539 INFO [localhost-startStop-1] org.apache.catalina.startup.HostConfig.deployDirectory Deployment of web application directory [C:\apache-tomcat-8.5.53-windows-x64\apache-tomcat-8.5.53\webapps\ROOT] has finished in [33] ms
23-Mar-2020 01:12:06.548 INFO [main] org.apache.coyote.AbstractProtocol.start Starting ProtocolHandler ["http-nio-8080"]
23-Mar-2020 01:12:06.559 INFO [main] org.apache.catalina.startup.Catalina.start Server startup in 1569 ms
23-Mar-2020 01:22:57.931 INFO [main] org.apache.catalina.startup.VersionLoggerListener.log Server version name:   Apache Tomcat/8.5.53
23-Mar-2020 01:22:57.950 INFO [main] org.apache.catalina.startup.VersionLoggerListener.log Server built:          Mar 11 2020 10:01:39 UTC
23-Mar-2020 01:22:57.957 INFO [main] org.apache.catalina.startup.VersionLoggerListener.log Server version number: 8.5.53.0
23-Mar-2020 01:22:57.958 INFO [main] org.apache.catalina.startup.VersionLoggerListener.log OS Name:               Windows 10
23-Mar-2020 01:22:57.958 INFO [main] org.apache.catalina.startup.VersionLoggerListener.log OS Version:            10.0
23-Mar-2020 01:22:57.958 INFO [main] org.apache.catalina.startup.VersionLoggerListener.log Architecture:          amd64
23-Mar-2020 01:22:57.959 INFO [main] org.apache.catalina.startup.VersionLoggerListener.log Java Home:             C:\Program Files\Java\jdk1.8.0_241\jre
23-Mar-2020 01:22:57.959 INFO [main] org.apache.catalina.startup.VersionLoggerListener.log JVM Version:           1.8.0_241-b07
23-Mar-2020 01:22:57.960 INFO [main] org.apache.catalina.startup.VersionLoggerListener.log JVM Vendor:            Oracle Corporation
23-Mar-2020 01:22:57.960 INFO [main] org.apache.catalina.startup.VersionLoggerListener.log CATALINA_BASE:         C:\twitter_UP\server\apache-tomcat-8.5.53
23-Mar-2020 01:22:57.960 INFO [main] org.apache.catalina.startup.VersionLoggerListener.log CATALINA_HOME:         C:\twitter_UP\server\apache-tomcat-8.5.53
23-Mar-2020 01:22:57.961 INFO [main] org.apache.catalina.startup.VersionLoggerListener.log Command line argument: -Djava.util.logging.config.file=C:\twitter_UP\server\apache-tomcat-8.5.53\conf\logging.properties
23-Mar-2020 01:22:57.962 INFO [main] org.apache.catalina.startup.VersionLoggerListener.log Command line argument: -Djava.util.logging.manager=org.apache.juli.ClassLoaderLogManager
23-Mar-2020 01:22:57.962 INFO [main] org.apache.catalina.startup.VersionLoggerListener.log Command line argument: -Djdk.tls.ephemeralDHKeySize=2048
23-Mar-2020 01:22:57.963 INFO [main] org.apache.catalina.startup.VersionLoggerListener.log Command line argument: -Djava.protocol.handler.pkgs=org.apache.catalina.webresources
23-Mar-2020 01:22:57.963 INFO [main] org.apache.catalina.startup.VersionLoggerListener.log Command line argument: -Dignore.endorsed.dirs=
23-Mar-2020 01:22:57.964 INFO [main] org.apache.catalina.startup.VersionLoggerListener.log Command line argument: -Dcatalina.base=C:\twitter_UP\server\apache-tomcat-8.5.53
23-Mar-2020 01:22:57.964 INFO [main] org.apache.catalina.startup.VersionLoggerListener.log Command line argument: -Dcatalina.home=C:\twitter_UP\server\apache-tomcat-8.5.53
23-Mar-2020 01:22:57.966 INFO [main] org.apache.catalina.startup.VersionLoggerListener.log Command line argument: -Djava.io.tmpdir=C:\twitter_UP\server\apache-tomcat-8.5.53\temp
23-Mar-2020 01:22:57.967 INFO [main] org.apache.catalina.core.AprLifecycleListener.lifecycleEvent Loaded APR based Apache Tomcat Native library [1.2.23] using APR version [1.7.0].
23-Mar-2020 01:22:57.968 INFO [main] org.apache.catalina.core.AprLifecycleListener.lifecycleEvent APR capabilities: IPv6 [true], sendfile [true], accept filters [false], random [true].
23-Mar-2020 01:22:57.968 INFO [main] org.apache.catalina.core.AprLifecycleListener.lifecycleEvent APR/OpenSSL configuration: useAprConnector [false], useOpenSSL [true]
23-Mar-2020 01:22:57.979 INFO [main] org.apache.catalina.core.AprLifecycleListener.initializeSSL OpenSSL successfully initialized [OpenSSL 1.1.1c  28 May 2019]
23-Mar-2020 01:22:58.812 INFO [main] org.apache.coyote.AbstractProtocol.init Initializing ProtocolHandler ["http-nio-8080"]
23-Mar-2020 01:22:59.049 INFO [main] org.apache.tomcat.util.net.NioSelectorPool.getSharedSelector Using a shared selector for servlet write/read
23-Mar-2020 01:22:59.066 INFO [main] org.apache.catalina.startup.Catalina.load Initialization processed in 1621 ms
23-Mar-2020 01:22:59.111 INFO [main] org.apache.catalina.core.StandardService.startInternal Starting service [Catalina]
23-Mar-2020 01:22:59.112 INFO [main] org.apache.catalina.core.StandardEngine.startInternal Starting Servlet Engine: Apache Tomcat/8.5.53
23-Mar-2020 01:22:59.124 INFO [localhost-startStop-1] org.apache.catalina.startup.HostConfig.deployDirectory Установка веб приложения в папку [C:\twitter_UP\server\apache-tomcat-8.5.53\webapps\docs]
23-Mar-2020 01:22:59.412 INFO [localhost-startStop-1] org.apache.catalina.startup.HostConfig.deployDirectory Deployment of web application directory [C:\twitter_UP\server\apache-tomcat-8.5.53\webapps\docs] has finished in [288] ms
23-Mar-2020 01:22:59.414 INFO [localhost-startStop-1] org.apache.catalina.startup.HostConfig.deployDirectory Установка веб приложения в папку [C:\twitter_UP\server\apache-tomcat-8.5.53\webapps\examples]
23-Mar-2020 01:23:00.470 INFO [localhost-startStop-1] org.apache.catalina.startup.HostConfig.deployDirectory Deployment of web application directory [C:\twitter_UP\server\apache-tomcat-8.5.53\webapps\examples] has finished in [1 056] ms
23-Mar-2020 01:23:00.471 INFO [localhost-startStop-1] org.apache.catalina.startup.HostConfig.deployDirectory Установка веб приложения в папку [C:\twitter_UP\server\apache-tomcat-8.5.53\webapps\host-manager]
23-Mar-2020 01:23:00.526 INFO [localhost-startStop-1] org.apache.catalina.startup.HostConfig.deployDirectory Deployment of web application directory [C:\twitter_UP\server\apache-tomcat-8.5.53\webapps\host-manager] has finished in [55] ms
23-Mar-2020 01:23:00.527 INFO [localhost-startStop-1] org.apache.catalina.startup.HostConfig.deployDirectory Установка веб приложения в папку [C:\twitter_UP\server\apache-tomcat-8.5.53\webapps\manager]
23-Mar-2020 01:23:00.564 INFO [localhost-startStop-1] org.apache.catalina.startup.HostConfig.deployDirectory Deployment of web application directory [C:\twitter_UP\server\apache-tomcat-8.5.53\webapps\manager] has finished in [36] ms
23-Mar-2020 01:23:00.564 INFO [localhost-startStop-1] org.apache.catalina.startup.HostConfig.deployDirectory Установка веб приложения в папку [C:\twitter_UP\server\apache-tomcat-8.5.53\webapps\ROOT]
23-Mar-2020 01:23:00.592 INFO [localhost-startStop-1] org.apache.catalina.startup.HostConfig.deployDirectory Deployment of web application directory [C:\twitter_UP\server\apache-tomcat-8.5.53\webapps\ROOT] has finished in [28] ms
23-Mar-2020 01:23:00.599 INFO [main] org.apache.coyote.AbstractProtocol.start Starting ProtocolHandler ["http-nio-8080"]
23-Mar-2020 01:23:00.613 INFO [main] org.apache.catalina.startup.Catalina.start Server startup in 1546 ms
23-Mar-2020 01:29:13.473 SEVERE [main] org.apache.catalina.startup.Catalina.stopServer Could not contact [localhost:8005]. Tomcat may not be running.
23-Mar-2020 01:29:13.482 SEVERE [main] org.apache.catalina.startup.Catalina.stopServer Catalina.stop: 
	java.net.ConnectException: Connection refused: connect
		at java.net.DualStackPlainSocketImpl.connect0(Native Method)
		at java.net.DualStackPlainSocketImpl.socketConnect(DualStackPlainSocketImpl.java:79)
		at java.net.AbstractPlainSocketImpl.doConnect(AbstractPlainSocketImpl.java:350)
		at java.net.AbstractPlainSocketImpl.connectToAddress(AbstractPlainSocketImpl.java:206)
		at java.net.AbstractPlainSocketImpl.connect(AbstractPlainSocketImpl.java:188)
		at java.net.PlainSocketImpl.connect(PlainSocketImpl.java:172)
		at java.net.SocksSocketImpl.connect(SocksSocketImpl.java:392)
		at java.net.Socket.connect(Socket.java:606)
		at java.net.Socket.connect(Socket.java:555)
		at java.net.Socket.<init>(Socket.java:451)
		at java.net.Socket.<init>(Socket.java:228)
		at org.apache.catalina.startup.Catalina.stopServer(Catalina.java:504)
		at sun.reflect.NativeMethodAccessorImpl.invoke0(Native Method)
		at sun.reflect.NativeMethodAccessorImpl.invoke(NativeMethodAccessorImpl.java:62)
		at sun.reflect.DelegatingMethodAccessorImpl.invoke(DelegatingMethodAccessorImpl.java:43)
		at java.lang.reflect.Method.invoke(Method.java:498)
		at org.apache.catalina.startup.Bootstrap.stopServer(Bootstrap.java:389)
		at org.apache.catalina.startup.Bootstrap.main(Bootstrap.java:479)
23-Mar-2020 01:30:27.683 SEVERE [main] org.apache.catalina.startup.Catalina.stopServer Could not contact [localhost:8005]. Tomcat may not be running.
23-Mar-2020 01:30:27.691 SEVERE [main] org.apache.catalina.startup.Catalina.stopServer Catalina.stop: 
	java.net.ConnectException: Connection refused: connect
		at java.net.DualStackPlainSocketImpl.connect0(Native Method)
		at java.net.DualStackPlainSocketImpl.socketConnect(DualStackPlainSocketImpl.java:79)
		at java.net.AbstractPlainSocketImpl.doConnect(AbstractPlainSocketImpl.java:350)
		at java.net.AbstractPlainSocketImpl.connectToAddress(AbstractPlainSocketImpl.java:206)
		at java.net.AbstractPlainSocketImpl.connect(AbstractPlainSocketImpl.java:188)
		at java.net.PlainSocketImpl.connect(PlainSocketImpl.java:172)
		at java.net.SocksSocketImpl.connect(SocksSocketImpl.java:392)
		at java.net.Socket.connect(Socket.java:606)
		at java.net.Socket.connect(Socket.java:555)
		at java.net.Socket.<init>(Socket.java:451)
		at java.net.Socket.<init>(Socket.java:228)
		at org.apache.catalina.startup.Catalina.stopServer(Catalina.java:504)
		at sun.reflect.NativeMethodAccessorImpl.invoke0(Native Method)
		at sun.reflect.NativeMethodAccessorImpl.invoke(NativeMethodAccessorImpl.java:62)
		at sun.reflect.DelegatingMethodAccessorImpl.invoke(DelegatingMethodAccessorImpl.java:43)
		at java.lang.reflect.Method.invoke(Method.java:498)
		at org.apache.catalina.startup.Bootstrap.stopServer(Bootstrap.java:389)
		at org.apache.catalina.startup.Bootstrap.main(Bootstrap.java:479)
23-Mar-2020 01:30:32.371 INFO [main] org.apache.catalina.startup.VersionLoggerListener.log Server version name:   Apache Tomcat/8.5.53
23-Mar-2020 01:30:32.373 INFO [main] org.apache.catalina.startup.VersionLoggerListener.log Server built:          Mar 11 2020 10:01:39 UTC
23-Mar-2020 01:30:32.375 INFO [main] org.apache.catalina.startup.VersionLoggerListener.log Server version number: 8.5.53.0
23-Mar-2020 01:30:32.375 INFO [main] org.apache.catalina.startup.VersionLoggerListener.log OS Name:               Windows 10
23-Mar-2020 01:30:32.376 INFO [main] org.apache.catalina.startup.VersionLoggerListener.log OS Version:            10.0
23-Mar-2020 01:30:32.376 INFO [main] org.apache.catalina.startup.VersionLoggerListener.log Architecture:          amd64
23-Mar-2020 01:30:32.376 INFO [main] org.apache.catalina.startup.VersionLoggerListener.log Java Home:             C:\Program Files\Java\jdk1.8.0_241\jre
23-Mar-2020 01:30:32.376 INFO [main] org.apache.catalina.startup.VersionLoggerListener.log JVM Version:           1.8.0_241-b07
23-Mar-2020 01:30:32.376 INFO [main] org.apache.catalina.startup.VersionLoggerListener.log JVM Vendor:            Oracle Corporation
23-Mar-2020 01:30:32.376 INFO [main] org.apache.catalina.startup.VersionLoggerListener.log CATALINA_BASE:         C:\twitter_UP\server\apache-tomcat-8.5.53
23-Mar-2020 01:30:32.377 INFO [main] org.apache.catalina.startup.VersionLoggerListener.log CATALINA_HOME:         C:\twitter_UP\server\apache-tomcat-8.5.53
23-Mar-2020 01:30:32.377 INFO [main] org.apache.catalina.startup.VersionLoggerListener.log Command line argument: -Djava.util.logging.config.file=C:\twitter_UP\server\apache-tomcat-8.5.53\conf\logging.properties
23-Mar-2020 01:30:32.378 INFO [main] org.apache.catalina.startup.VersionLoggerListener.log Command line argument: -Djava.util.logging.manager=org.apache.juli.ClassLoaderLogManager
23-Mar-2020 01:30:32.378 INFO [main] org.apache.catalina.startup.VersionLoggerListener.log Command line argument: -Djdk.tls.ephemeralDHKeySize=2048
23-Mar-2020 01:30:32.378 INFO [main] org.apache.catalina.startup.VersionLoggerListener.log Command line argument: -Djava.protocol.handler.pkgs=org.apache.catalina.webresources
23-Mar-2020 01:30:32.379 INFO [main] org.apache.catalina.startup.VersionLoggerListener.log Command line argument: -Dignore.endorsed.dirs=
23-Mar-2020 01:30:32.379 INFO [main] org.apache.catalina.startup.VersionLoggerListener.log Command line argument: -Dcatalina.base=C:\twitter_UP\server\apache-tomcat-8.5.53
23-Mar-2020 01:30:32.380 INFO [main] org.apache.catalina.startup.VersionLoggerListener.log Command line argument: -Dcatalina.home=C:\twitter_UP\server\apache-tomcat-8.5.53
23-Mar-2020 01:30:32.380 INFO [main] org.apache.catalina.startup.VersionLoggerListener.log Command line argument: -Djava.io.tmpdir=C:\twitter_UP\server\apache-tomcat-8.5.53\temp
23-Mar-2020 01:30:32.382 INFO [main] org.apache.catalina.core.AprLifecycleListener.lifecycleEvent Loaded APR based Apache Tomcat Native library [1.2.23] using APR version [1.7.0].
23-Mar-2020 01:30:32.382 INFO [main] org.apache.catalina.core.AprLifecycleListener.lifecycleEvent APR capabilities: IPv6 [true], sendfile [true], accept filters [false], random [true].
23-Mar-2020 01:30:32.383 INFO [main] org.apache.catalina.core.AprLifecycleListener.lifecycleEvent APR/OpenSSL configuration: useAprConnector [false], useOpenSSL [true]
23-Mar-2020 01:30:32.389 INFO [main] org.apache.catalina.core.AprLifecycleListener.initializeSSL OpenSSL successfully initialized [OpenSSL 1.1.1c  28 May 2019]
23-Mar-2020 01:30:32.568 INFO [main] org.apache.coyote.AbstractProtocol.init Initializing ProtocolHandler ["http-nio-8080"]
23-Mar-2020 01:30:32.823 INFO [main] org.apache.tomcat.util.net.NioSelectorPool.getSharedSelector Using a shared selector for servlet write/read
23-Mar-2020 01:30:32.833 INFO [main] org.apache.catalina.startup.Catalina.load Initialization processed in 998 ms
23-Mar-2020 01:30:32.885 INFO [main] org.apache.catalina.core.StandardService.startInternal Starting service [Catalina]
23-Mar-2020 01:30:32.885 INFO [main] org.apache.catalina.core.StandardEngine.startInternal Starting Servlet Engine: Apache Tomcat/8.5.53
23-Mar-2020 01:30:32.898 INFO [localhost-startStop-1] org.apache.catalina.startup.HostConfig.deployDirectory Установка веб приложения в папку [C:\twitter_UP\server\apache-tomcat-8.5.53\webapps\docs]
23-Mar-2020 01:30:33.230 INFO [localhost-startStop-1] org.apache.catalina.startup.HostConfig.deployDirectory Deployment of web application directory [C:\twitter_UP\server\apache-tomcat-8.5.53\webapps\docs] has finished in [327] ms
23-Mar-2020 01:30:33.231 INFO [localhost-startStop-1] org.apache.catalina.startup.HostConfig.deployDirectory Установка веб приложения в папку [C:\twitter_UP\server\apache-tomcat-8.5.53\webapps\examples]
23-Mar-2020 01:30:33.639 INFO [localhost-startStop-1] org.apache.catalina.startup.HostConfig.deployDirectory Deployment of web application directory [C:\twitter_UP\server\apache-tomcat-8.5.53\webapps\examples] has finished in [408] ms
23-Mar-2020 01:30:33.639 INFO [localhost-startStop-1] org.apache.catalina.startup.HostConfig.deployDirectory Установка веб приложения в папку [C:\twitter_UP\server\apache-tomcat-8.5.53\webapps\host-manager]
23-Mar-2020 01:30:33.691 INFO [localhost-startStop-1] org.apache.catalina.startup.HostConfig.deployDirectory Deployment of web application directory [C:\twitter_UP\server\apache-tomcat-8.5.53\webapps\host-manager] has finished in [52] ms
23-Mar-2020 01:30:33.692 INFO [localhost-startStop-1] org.apache.catalina.startup.HostConfig.deployDirectory Установка веб приложения в папку [C:\twitter_UP\server\apache-tomcat-8.5.53\webapps\manager]
23-Mar-2020 01:30:33.728 INFO [localhost-startStop-1] org.apache.catalina.startup.HostConfig.deployDirectory Deployment of web application directory [C:\twitter_UP\server\apache-tomcat-8.5.53\webapps\manager] has finished in [36] ms
23-Mar-2020 01:30:33.730 INFO [localhost-startStop-1] org.apache.catalina.startup.HostConfig.deployDirectory Установка веб приложения в папку [C:\twitter_UP\server\apache-tomcat-8.5.53\webapps\ROOT]
23-Mar-2020 01:30:33.758 INFO [localhost-startStop-1] org.apache.catalina.startup.HostConfig.deployDirectory Deployment of web application directory [C:\twitter_UP\server\apache-tomcat-8.5.53\webapps\ROOT] has finished in [28] ms
23-Mar-2020 01:30:33.764 INFO [main] org.apache.coyote.AbstractProtocol.start Starting ProtocolHandler ["http-nio-8080"]
23-Mar-2020 01:30:33.777 INFO [main] org.apache.catalina.startup.Catalina.start Server startup in 937 ms
23-Mar-2020 01:58:20.496 INFO [main] org.apache.catalina.startup.VersionLoggerListener.log Server version name:   Apache Tomcat/8.5.53
23-Mar-2020 01:58:20.500 INFO [main] org.apache.catalina.startup.VersionLoggerListener.log Server built:          Mar 11 2020 10:01:39 UTC
23-Mar-2020 01:58:20.500 INFO [main] org.apache.catalina.startup.VersionLoggerListener.log Server version number: 8.5.53.0
23-Mar-2020 01:58:20.501 INFO [main] org.apache.catalina.startup.VersionLoggerListener.log OS Name:               Windows 10
23-Mar-2020 01:58:20.501 INFO [main] org.apache.catalina.startup.VersionLoggerListener.log OS Version:            10.0
23-Mar-2020 01:58:20.501 INFO [main] org.apache.catalina.startup.VersionLoggerListener.log Architecture:          amd64
23-Mar-2020 01:58:20.502 INFO [main] org.apache.catalina.startup.VersionLoggerListener.log Java Home:             C:\Program Files\Java\jdk1.8.0_241\jre
23-Mar-2020 01:58:20.502 INFO [main] org.apache.catalina.startup.VersionLoggerListener.log JVM Version:           1.8.0_241-b07
23-Mar-2020 01:58:20.502 INFO [main] org.apache.catalina.startup.VersionLoggerListener.log JVM Vendor:            Oracle Corporation
23-Mar-2020 01:58:20.503 INFO [main] org.apache.catalina.startup.VersionLoggerListener.log CATALINA_BASE:         C:\twitter_UP\server\apache-tomcat-8.5.53
23-Mar-2020 01:58:20.503 INFO [main] org.apache.catalina.startup.VersionLoggerListener.log CATALINA_HOME:         C:\twitter_UP\server\apache-tomcat-8.5.53
23-Mar-2020 01:58:20.504 INFO [main] org.apache.catalina.startup.VersionLoggerListener.log Command line argument: -Djava.util.logging.config.file=C:\twitter_UP\server\apache-tomcat-8.5.53\conf\logging.properties
23-Mar-2020 01:58:20.504 INFO [main] org.apache.catalina.startup.VersionLoggerListener.log Command line argument: -Djava.util.logging.manager=org.apache.juli.ClassLoaderLogManager
23-Mar-2020 01:58:20.505 INFO [main] org.apache.catalina.startup.VersionLoggerListener.log Command line argument: -Djdk.tls.ephemeralDHKeySize=2048
23-Mar-2020 01:58:20.505 INFO [main] org.apache.catalina.startup.VersionLoggerListener.log Command line argument: -Djava.protocol.handler.pkgs=org.apache.catalina.webresources
23-Mar-2020 01:58:20.506 INFO [main] org.apache.catalina.startup.VersionLoggerListener.log Command line argument: -Dignore.endorsed.dirs=
23-Mar-2020 01:58:20.506 INFO [main] org.apache.catalina.startup.VersionLoggerListener.log Command line argument: -Dcatalina.base=C:\twitter_UP\server\apache-tomcat-8.5.53
23-Mar-2020 01:58:20.507 INFO [main] org.apache.catalina.startup.VersionLoggerListener.log Command line argument: -Dcatalina.home=C:\twitter_UP\server\apache-tomcat-8.5.53
23-Mar-2020 01:58:20.507 INFO [main] org.apache.catalina.startup.VersionLoggerListener.log Command line argument: -Djava.io.tmpdir=C:\twitter_UP\server\apache-tomcat-8.5.53\temp
23-Mar-2020 01:58:20.509 INFO [main] org.apache.catalina.core.AprLifecycleListener.lifecycleEvent Loaded APR based Apache Tomcat Native library [1.2.23] using APR version [1.7.0].
23-Mar-2020 01:58:20.509 INFO [main] org.apache.catalina.core.AprLifecycleListener.lifecycleEvent APR capabilities: IPv6 [true], sendfile [true], accept filters [false], random [true].
23-Mar-2020 01:58:20.510 INFO [main] org.apache.catalina.core.AprLifecycleListener.lifecycleEvent APR/OpenSSL configuration: useAprConnector [false], useOpenSSL [true]
23-Mar-2020 01:58:20.517 INFO [main] org.apache.catalina.core.AprLifecycleListener.initializeSSL OpenSSL successfully initialized [OpenSSL 1.1.1c  28 May 2019]
23-Mar-2020 01:58:20.681 INFO [main] org.apache.coyote.AbstractProtocol.init Initializing ProtocolHandler ["http-nio-8080"]
23-Mar-2020 01:58:20.917 INFO [main] org.apache.tomcat.util.net.NioSelectorPool.getSharedSelector Using a shared selector for servlet write/read
23-Mar-2020 01:58:20.937 INFO [main] org.apache.catalina.startup.Catalina.load Initialization processed in 975 ms
23-Mar-2020 01:58:20.983 INFO [main] org.apache.catalina.core.StandardService.startInternal Starting service [Catalina]
23-Mar-2020 01:58:20.985 INFO [main] org.apache.catalina.core.StandardEngine.startInternal Starting Servlet Engine: Apache Tomcat/8.5.53
23-Mar-2020 01:58:21.000 INFO [localhost-startStop-1] org.apache.catalina.startup.HostConfig.deployDirectory Установка веб приложения в папку [C:\twitter_UP\server\apache-tomcat-8.5.53\webapps\docs]
23-Mar-2020 01:58:21.340 INFO [localhost-startStop-1] org.apache.catalina.startup.HostConfig.deployDirectory Deployment of web application directory [C:\twitter_UP\server\apache-tomcat-8.5.53\webapps\docs] has finished in [339] ms
23-Mar-2020 01:58:21.341 INFO [localhost-startStop-1] org.apache.catalina.startup.HostConfig.deployDirectory Установка веб приложения в папку [C:\twitter_UP\server\apache-tomcat-8.5.53\webapps\examples]
23-Mar-2020 01:58:21.730 INFO [localhost-startStop-1] org.apache.catalina.startup.HostConfig.deployDirectory Deployment of web application directory [C:\twitter_UP\server\apache-tomcat-8.5.53\webapps\examples] has finished in [389] ms
23-Mar-2020 01:58:21.731 INFO [localhost-startStop-1] org.apache.catalina.startup.HostConfig.deployDirectory Установка веб приложения в папку [C:\twitter_UP\server\apache-tomcat-8.5.53\webapps\host-manager]
23-Mar-2020 01:58:21.776 INFO [localhost-startStop-1] org.apache.catalina.startup.HostConfig.deployDirectory Deployment of web application directory [C:\twitter_UP\server\apache-tomcat-8.5.53\webapps\host-manager] has finished in [45] ms
23-Mar-2020 01:58:21.778 INFO [localhost-startStop-1] org.apache.catalina.startup.HostConfig.deployDirectory Установка веб приложения в папку [C:\twitter_UP\server\apache-tomcat-8.5.53\webapps\manager]
23-Mar-2020 01:58:21.816 INFO [localhost-startStop-1] org.apache.catalina.startup.HostConfig.deployDirectory Deployment of web application directory [C:\twitter_UP\server\apache-tomcat-8.5.53\webapps\manager] has finished in [38] ms
23-Mar-2020 01:58:21.817 INFO [localhost-startStop-1] org.apache.catalina.startup.HostConfig.deployDirectory Установка веб приложения в папку [C:\twitter_UP\server\apache-tomcat-8.5.53\webapps\ROOT]
23-Mar-2020 01:58:21.846 INFO [localhost-startStop-1] org.apache.catalina.startup.HostConfig.deployDirectory Deployment of web application directory [C:\twitter_UP\server\apache-tomcat-8.5.53\webapps\ROOT] has finished in [29] ms
23-Mar-2020 01:58:21.853 INFO [main] org.apache.coyote.AbstractProtocol.start Starting ProtocolHandler ["http-nio-8080"]
23-Mar-2020 01:58:21.868 INFO [main] org.apache.catalina.startup.Catalina.start Server startup in 930 ms
23-Mar-2020 01:58:31.612 SEVERE [main] org.apache.catalina.startup.Catalina.stopServer Could not contact [localhost:8005]. Tomcat may not be running.
23-Mar-2020 01:58:31.621 SEVERE [main] org.apache.catalina.startup.Catalina.stopServer Catalina.stop: 
	java.net.ConnectException: Connection refused: connect
		at java.net.DualStackPlainSocketImpl.connect0(Native Method)
		at java.net.DualStackPlainSocketImpl.socketConnect(DualStackPlainSocketImpl.java:79)
		at java.net.AbstractPlainSocketImpl.doConnect(AbstractPlainSocketImpl.java:350)
		at java.net.AbstractPlainSocketImpl.connectToAddress(AbstractPlainSocketImpl.java:206)
		at java.net.AbstractPlainSocketImpl.connect(AbstractPlainSocketImpl.java:188)
		at java.net.PlainSocketImpl.connect(PlainSocketImpl.java:172)
		at java.net.SocksSocketImpl.connect(SocksSocketImpl.java:392)
		at java.net.Socket.connect(Socket.java:606)
		at java.net.Socket.connect(Socket.java:555)
		at java.net.Socket.<init>(Socket.java:451)
		at java.net.Socket.<init>(Socket.java:228)
		at org.apache.catalina.startup.Catalina.stopServer(Catalina.java:504)
		at sun.reflect.NativeMethodAccessorImpl.invoke0(Native Method)
		at sun.reflect.NativeMethodAccessorImpl.invoke(NativeMethodAccessorImpl.java:62)
		at sun.reflect.DelegatingMethodAccessorImpl.invoke(DelegatingMethodAccessorImpl.java:43)
		at java.lang.reflect.Method.invoke(Method.java:498)
		at org.apache.catalina.startup.Bootstrap.stopServer(Bootstrap.java:389)
		at org.apache.catalina.startup.Bootstrap.main(Bootstrap.java:479)
23-Mar-2020 01:58:34.523 INFO [main] org.apache.catalina.startup.VersionLoggerListener.log Server version name:   Apache Tomcat/8.5.53
23-Mar-2020 01:58:34.527 INFO [main] org.apache.catalina.startup.VersionLoggerListener.log Server built:          Mar 11 2020 10:01:39 UTC
23-Mar-2020 01:58:34.527 INFO [main] org.apache.catalina.startup.VersionLoggerListener.log Server version number: 8.5.53.0
23-Mar-2020 01:58:34.528 INFO [main] org.apache.catalina.startup.VersionLoggerListener.log OS Name:               Windows 10
23-Mar-2020 01:58:34.528 INFO [main] org.apache.catalina.startup.VersionLoggerListener.log OS Version:            10.0
23-Mar-2020 01:58:34.528 INFO [main] org.apache.catalina.startup.VersionLoggerListener.log Architecture:          amd64
23-Mar-2020 01:58:34.529 INFO [main] org.apache.catalina.startup.VersionLoggerListener.log Java Home:             C:\Program Files\Java\jdk1.8.0_241\jre
23-Mar-2020 01:58:34.529 INFO [main] org.apache.catalina.startup.VersionLoggerListener.log JVM Version:           1.8.0_241-b07
23-Mar-2020 01:58:34.529 INFO [main] org.apache.catalina.startup.VersionLoggerListener.log JVM Vendor:            Oracle Corporation
23-Mar-2020 01:58:34.530 INFO [main] org.apache.catalina.startup.VersionLoggerListener.log CATALINA_BASE:         C:\twitter_UP\server\apache-tomcat-8.5.53
23-Mar-2020 01:58:34.530 INFO [main] org.apache.catalina.startup.VersionLoggerListener.log CATALINA_HOME:         C:\twitter_UP\server\apache-tomcat-8.5.53
23-Mar-2020 01:58:34.531 INFO [main] org.apache.catalina.startup.VersionLoggerListener.log Command line argument: -Djava.util.logging.config.file=C:\twitter_UP\server\apache-tomcat-8.5.53\conf\logging.properties
23-Mar-2020 01:58:34.531 INFO [main] org.apache.catalina.startup.VersionLoggerListener.log Command line argument: -Djava.util.logging.manager=org.apache.juli.ClassLoaderLogManager
23-Mar-2020 01:58:34.532 INFO [main] org.apache.catalina.startup.VersionLoggerListener.log Command line argument: -Djdk.tls.ephemeralDHKeySize=2048
23-Mar-2020 01:58:34.532 INFO [main] org.apache.catalina.startup.VersionLoggerListener.log Command line argument: -Djava.protocol.handler.pkgs=org.apache.catalina.webresources
23-Mar-2020 01:58:34.532 INFO [main] org.apache.catalina.startup.VersionLoggerListener.log Command line argument: -Dignore.endorsed.dirs=
23-Mar-2020 01:58:34.533 INFO [main] org.apache.catalina.startup.VersionLoggerListener.log Command line argument: -Dcatalina.base=C:\twitter_UP\server\apache-tomcat-8.5.53
23-Mar-2020 01:58:34.534 INFO [main] org.apache.catalina.startup.VersionLoggerListener.log Command line argument: -Dcatalina.home=C:\twitter_UP\server\apache-tomcat-8.5.53
23-Mar-2020 01:58:34.534 INFO [main] org.apache.catalina.startup.VersionLoggerListener.log Command line argument: -Djava.io.tmpdir=C:\twitter_UP\server\apache-tomcat-8.5.53\temp
23-Mar-2020 01:58:34.535 INFO [main] org.apache.catalina.core.AprLifecycleListener.lifecycleEvent Loaded APR based Apache Tomcat Native library [1.2.23] using APR version [1.7.0].
23-Mar-2020 01:58:34.536 INFO [main] org.apache.catalina.core.AprLifecycleListener.lifecycleEvent APR capabilities: IPv6 [true], sendfile [true], accept filters [false], random [true].
23-Mar-2020 01:58:34.536 INFO [main] org.apache.catalina.core.AprLifecycleListener.lifecycleEvent APR/OpenSSL configuration: useAprConnector [false], useOpenSSL [true]
23-Mar-2020 01:58:34.542 INFO [main] org.apache.catalina.core.AprLifecycleListener.initializeSSL OpenSSL successfully initialized [OpenSSL 1.1.1c  28 May 2019]
23-Mar-2020 01:58:34.730 INFO [main] org.apache.coyote.AbstractProtocol.init Initializing ProtocolHandler ["http-nio-8080"]
23-Mar-2020 01:58:34.947 INFO [main] org.apache.tomcat.util.net.NioSelectorPool.getSharedSelector Using a shared selector for servlet write/read
23-Mar-2020 01:58:34.965 INFO [main] org.apache.catalina.startup.Catalina.load Initialization processed in 870 ms
23-Mar-2020 01:58:35.006 INFO [main] org.apache.catalina.core.StandardService.startInternal Starting service [Catalina]
23-Mar-2020 01:58:35.006 INFO [main] org.apache.catalina.core.StandardEngine.startInternal Starting Servlet Engine: Apache Tomcat/8.5.53
23-Mar-2020 01:58:35.020 INFO [localhost-startStop-1] org.apache.catalina.startup.HostConfig.deployDirectory Установка веб приложения в папку [C:\twitter_UP\server\apache-tomcat-8.5.53\webapps\docs]
23-Mar-2020 01:58:35.284 INFO [localhost-startStop-1] org.apache.catalina.startup.HostConfig.deployDirectory Deployment of web application directory [C:\twitter_UP\server\apache-tomcat-8.5.53\webapps\docs] has finished in [264] ms
23-Mar-2020 01:58:35.289 INFO [localhost-startStop-1] org.apache.catalina.startup.HostConfig.deployDirectory Установка веб приложения в папку [C:\twitter_UP\server\apache-tomcat-8.5.53\webapps\examples]
23-Mar-2020 01:58:35.674 INFO [localhost-startStop-1] org.apache.catalina.startup.HostConfig.deployDirectory Deployment of web application directory [C:\twitter_UP\server\apache-tomcat-8.5.53\webapps\examples] has finished in [390] ms
23-Mar-2020 01:58:35.675 INFO [localhost-startStop-1] org.apache.catalina.startup.HostConfig.deployDirectory Установка веб приложения в папку [C:\twitter_UP\server\apache-tomcat-8.5.53\webapps\host-manager]
23-Mar-2020 01:58:35.720 INFO [localhost-startStop-1] org.apache.catalina.startup.HostConfig.deployDirectory Deployment of web application directory [C:\twitter_UP\server\apache-tomcat-8.5.53\webapps\host-manager] has finished in [45] ms
23-Mar-2020 01:58:35.721 INFO [localhost-startStop-1] org.apache.catalina.startup.HostConfig.deployDirectory Установка веб приложения в папку [C:\twitter_UP\server\apache-tomcat-8.5.53\webapps\manager]
23-Mar-2020 01:58:35.762 INFO [localhost-startStop-1] org.apache.catalina.startup.HostConfig.deployDirectory Deployment of web application directory [C:\twitter_UP\server\apache-tomcat-8.5.53\webapps\manager] has finished in [40] ms
23-Mar-2020 01:58:35.763 INFO [localhost-startStop-1] org.apache.catalina.startup.HostConfig.deployDirectory Установка веб приложения в папку [C:\twitter_UP\server\apache-tomcat-8.5.53\webapps\ROOT]
23-Mar-2020 01:58:35.789 INFO [localhost-startStop-1] org.apache.catalina.startup.HostConfig.deployDirectory Deployment of web application directory [C:\twitter_UP\server\apache-tomcat-8.5.53\webapps\ROOT] has finished in [26] ms
23-Mar-2020 01:58:35.796 INFO [main] org.apache.coyote.AbstractProtocol.start Starting ProtocolHandler ["http-nio-8080"]
23-Mar-2020 01:58:35.808 INFO [main] org.apache.catalina.startup.Catalina.start Server startup in 842 ms
